[2014-01-15 18:48:00][1900][INFO]return successfully!
[2014-01-15 18:48:00][1900][INFO]return successfully! | ***********************************
[2014-01-15 18:48:00][1900][INFO]return successfully! | ***** interface request start *****
[2014-01-15 18:48:00][1900][INFO]return successfully! | request:
[2014-01-15 18:48:00][1900][INFO]return successfully! | get:array (
)
[2014-01-15 18:48:00][1900][C:\PHPnow-1.5.6\htdocs\weikefu\application\controllers\echo_server.php][index][36][ERROR][0] return successfully! | error input!
[2014-01-15 18:49:08][1900][INFO]return successfully!
[2014-01-15 18:49:08][1900][INFO]return successfully! | ***********************************
[2014-01-15 18:49:08][1900][INFO]return successfully! | ***** interface request start *****
[2014-01-15 18:49:08][1900][INFO]return successfully! | request:
[2014-01-15 18:49:08][1900][INFO]return successfully! | get:array (
)
[2014-01-15 18:49:08][1900][C:\PHPnow-1.5.6\htdocs\weikefu\application\controllers\echo_server.php][index][36][ERROR][0] return successfully! | error input!
[2014-01-15 18:49:13][1900][INFO]return successfully!
[2014-01-15 18:49:13][1900][INFO]return successfully! | ***********************************
[2014-01-15 18:49:13][1900][INFO]return successfully! | ***** interface request start *****
[2014-01-15 18:49:13][1900][INFO]return successfully! | request:
[2014-01-15 18:49:13][1900][INFO]return successfully! | get:array (
)
[2014-01-15 18:49:13][1900][C:\PHPnow-1.5.6\htdocs\weikefu\application\controllers\echo_server.php][index][36][ERROR][0] return successfully! | error input!
[2014-01-15 18:49:51][1900][INFO]return successfully!
[2014-01-15 18:49:51][1900][INFO]return successfully! | ***********************************
[2014-01-15 18:49:51][1900][INFO]return successfully! | ***** interface request start *****
[2014-01-15 18:49:51][1900][INFO]return successfully! | request:
[2014-01-15 18:49:51][1900][INFO]return successfully! | get:array (
)
[2014-01-15 18:49:51][1900][C:\PHPnow-1.5.6\htdocs\weikefu\application\controllers\echo_server.php][index][44][ERROR][0] return successfully! | error input!
[2014-01-15 18:49:51][1900][INFO]return successfully! | ***** interface request end *****
[2014-01-15 18:49:51][1900][INFO]return successfully! | *********************************
[2014-01-15 18:49:51][1900][INFO]return successfully!
