[2014-01-15 18:48:00][1900][INFO]return successfully!
[2014-01-15 18:48:00][1900][INFO]return successfully! | ***********************************
[2014-01-15 18:48:00][1900][INFO]return successfully! | ***** interface request start *****
[2014-01-15 18:48:00][1900][INFO]return successfully! | request:
[2014-01-15 18:48:00][1900][INFO]return successfully! | get:array (
)
[2014-01-15 18:49:08][1900][INFO]return successfully!
[2014-01-15 18:49:08][1900][INFO]return successfully! | ***********************************
[2014-01-15 18:49:08][1900][INFO]return successfully! | ***** interface request start *****
[2014-01-15 18:49:08][1900][INFO]return successfully! | request:
[2014-01-15 18:49:08][1900][INFO]return successfully! | get:array (
)
[2014-01-15 18:49:13][1900][INFO]return successfully!
[2014-01-15 18:49:13][1900][INFO]return successfully! | ***********************************
[2014-01-15 18:49:13][1900][INFO]return successfully! | ***** interface request start *****
[2014-01-15 18:49:13][1900][INFO]return successfully! | request:
[2014-01-15 18:49:13][1900][INFO]return successfully! | get:array (
)
[2014-01-15 18:49:51][1900][INFO]return successfully!
[2014-01-15 18:49:51][1900][INFO]return successfully! | ***********************************
[2014-01-15 18:49:51][1900][INFO]return successfully! | ***** interface request start *****
[2014-01-15 18:49:51][1900][INFO]return successfully! | request:
[2014-01-15 18:49:51][1900][INFO]return successfully! | get:array (
)
[2014-01-15 18:49:51][1900][INFO]return successfully! | ***** interface request end *****
[2014-01-15 18:49:51][1900][INFO]return successfully! | *********************************
[2014-01-15 18:49:51][1900][INFO]return successfully!
